[    0.000000] Linux version 4.15.0-91-generic (buildd@lgw01-amd64-013) (gcc version 7.4.0 (Ubuntu 7.4.0-1ubuntu1~18.04.1)) #92-Ubuntu SMP Fri Feb 28 11:09:48 UTC 2020 (Ubuntu 4.15.0-91.92-generic 4.15.18)
[    0.000000] Command line: BOOT_IMAGE=/boot/vmlinuz-4.15.0-91-generic root=LABEL=cloudimg-rootfs ro console=tty1 console=ttyS0
[    0.000000] KERNEL supported cpus:
[    0.000000]   Intel GenuineIntel
[    0.000000]   AMD AuthenticAMD
[    0.000000]   Centaur CentaurHauls
[    0.000000] x86/fpu: Supporting XSAVE feature 0x001: 'x87 floating point registers'
[    0.000000] x86/fpu: Supporting XSAVE feature 0x002: 'SSE registers'
[    0.000000] x86/fpu: Supporting XSAVE feature 0x004: 'AVX registers'
[    0.000000] x86/fpu: xstate_offset[2]:  576, xstate_sizes[2]:  256
[    0.000000] x86/fpu: Enabled xstate features 0x7, context size is 832 bytes, using 'standard' format.
[    0.000000] e820: BIOS-provided physical RAM map:
[    0.000000] BIOS-e820: [mem 0x0000000000000000-0x000000000009fbff] usable
[    0.000000] BIOS-e820: [mem 0x000000000009fc00-0x000000000009ffff] reserved
[    0.000000] BIOS-e820: [mem 0x00000000000f0000-0x00000000000fffff] reserved
[    0.000000] BIOS-e820: [mem 0x0000000000100000-0x000000003ffeffff] usable
[    0.000000] BIOS-e820: [mem 0x000000003fff0000-0x000000003fffffff] ACPI data
[    0.000000] BIOS-e820: [mem 0x00000000fec00000-0x00000000fec00fff] reserved
[    0.000000] BIOS-e820: [mem 0x00000000fee00000-0x00000000fee00fff] reserved
[    0.000000] BIOS-e820: [mem 0x00000000fffc0000-0x00000000ffffffff] reserved
[    0.000000] NX (Execute Disable) protection: active
[    0.000000] SMBIOS 2.5 present.
[    0.000000] DMI: innotek GmbH VirtualBox/VirtualBox, BIOS VirtualBox 12/01/2006
[    0.000000] Hypervisor detected: KVM
[    0.000000] e820: last_pfn = 0x3fff0 max_arch_pfn = 0x400000000
[    0.000000] MTRR: Disabled
[    0.000000] x86/PAT: MTRRs disabled, skipping PAT initialization too.
[    0.000000] CPU MTRRs all blank - virtualized system.
[    0.000000] x86/PAT: Configuration [0-7]: WB  WT  UC- UC  WB  WT  UC- UC  
[    0.000000] found SMP MP-table at [mem 0x0009fff0-0x0009ffff]
[    0.000000] Scanning 1 areas for low memory corruption
[    0.000000] RAMDISK: [mem 0x35a6b000-0x36d2cfff]
[    0.000000] ACPI: Early table checksum verification disabled
[    0.000000] ACPI: RSDP 0x00000000000E0000 000024 (v02 VBOX  )
[    0.000000] ACPI: XSDT 0x000000003FFF0030 00003C (v01 VBOX   VBOXXSDT 00000001 ASL  00000061)
[    0.000000] ACPI: FACP 0x000000003FFF00F0 0000F4 (v04 VBOX   VBOXFACP 00000001 ASL  00000061)
[    0.000000] ACPI: DSDT 0x000000003FFF0470 002325 (v02 VBOX   VBOXBIOS 00000002 INTL 20100528)
[    0.000000] ACPI: FACS 0x000000003FFF0200 000040
[    0.000000] ACPI: FACS 0x000000003FFF0200 000040
[    0.000000] ACPI: APIC 0x000000003FFF0240 00005C (v02 VBOX   VBOXAPIC 00000001 ASL  00000061)
[    0.000000] ACPI: SSDT 0x000000003FFF02A0 0001CC (v01 VBOX   VBOXCPUT 00000002 INTL 20100528)
[    0.000000] No NUMA configuration found
[    0.000000] Faking a node at [mem 0x0000000000000000-0x000000003ffeffff]
[    0.000000] NODE_DATA(0) allocated [mem 0x3ffc5000-0x3ffeffff]
[    0.000000] kvm-clock: cpu 0, msr 0:3ff44001, primary cpu clock
[    0.000000] kvm-clock: Using msrs 4b564d01 and 4b564d00
[    0.000000] kvm-clock: using sched offset of 5134187940 cycles
[    0.000000] clocksource: kvm-clock: mask: 0xffffffffffffffff max_cycles: 0x1cd42e4dffb, max_idle_ns: 881590591483 ns
[    0.000000] Zone ranges:
[    0.000000]   DMA      [mem 0x0000000000001000-0x0000000000ffffff]
[    0.000000]   DMA32    [mem 0x0000000001000000-0x000000003ffeffff]
[    0.000000]   Normal   empty
[    0.000000]   Device   empty
[    0.000000] Movable zone start for each node
[    0.000000] Early memory node ranges
[    0.000000]   node   0: [mem 0x0000000000001000-0x000000000009efff]
[    0.000000]   node   0: [mem 0x0000000000100000-0x000000003ffeffff]
[    0.000000] Reserved but unavailable: 98 pages
[    0.000000] Initmem setup node 0 [mem 0x0000000000001000-0x000000003ffeffff]
[    0.000000] ACPI: PM-Timer IO Port: 0x4008
[    0.000000] IOAPIC[0]: apic_id 2, version 32, address 0xfec00000, GSI 0-23
[    0.000000] ACPI: INT_SRC_OVR (bus 0 bus_irq 0 global_irq 2 dfl dfl)
[    0.000000] ACPI: INT_SRC_OVR (bus 0 bus_irq 9 global_irq 9 low level)
[    0.000000] Using ACPI (MADT) for SMP configuration information
[    0.000000] smpboot: Allowing 2 CPUs, 0 hotplug CPUs
[    0.000000] PM: Registered nosave memory: [mem 0x00000000-0x00000fff]
[    0.000000] PM: Registered nosave memory: [mem 0x0009f000-0x0009ffff]
[    0.000000] PM: Registered nosave memory: [mem 0x000a0000-0x000effff]
[    0.000000] PM: Registered nosave memory: [mem 0x000f0000-0x000fffff]
[    0.000000] e820: [mem 0x40000000-0xfebfffff] available for PCI devices
[    0.000000] Booting paravirtualized kernel on KVM
[    0.000000] clocksource: refined-jiffies: mask: 0xffffffff max_cycles: 0xffffffff, max_idle_ns: 7645519600211568 ns
[    0.000000] random: get_random_bytes called from start_kernel+0x99/0x4fd with crng_init=0
[    0.000000] setup_percpu: NR_CPUS:8192 nr_cpumask_bits:2 nr_cpu_ids:2 nr_node_ids:1
[    0.000000] percpu: Embedded 45 pages/cpu s147456 r8192 d28672 u1048576
[    0.000000] PV qspinlock hash table entries: 256 (order: 0, 4096 bytes)
[    0.000000] Built 1 zonelists, mobility grouping on.  Total pages: 257913
[    0.000000] Policy zone: DMA32
[    0.000000] Kernel command line: BOOT_IMAGE=/boot/vmlinuz-4.15.0-91-generic root=LABEL=cloudimg-rootfs ro console=tty1 console=ttyS0
[    0.000000] Memory: 983060K/1048120K available (12300K kernel code, 2481K rwdata, 4264K rodata, 2432K init, 2712K bss, 65060K reserved, 0K cma-reserved)
[    0.000000] SLUB: HWalign=64, Order=0-3, MinObjects=0, CPUs=2, Nodes=1
[    0.000000] Kernel/User page tables isolation: enabled
[    0.000000] ftrace: allocating 39347 entries in 154 pages
[    0.004000] Hierarchical RCU implementation.
[    0.004000] 	RCU restricting CPUs from NR_CPUS=8192 to nr_cpu_ids=2.
[    0.004000] 	Tasks RCU enabled.
[    0.004000] RCU: Adjusting geometry for rcu_fanout_leaf=16, nr_cpu_ids=2
[    0.004000] NR_IRQS: 524544, nr_irqs: 440, preallocated irqs: 16
[    0.004000] Console: colour VGA+ 80x25
[    0.004000] console [tty1] enabled
[    0.004000] console [ttyS0] enabled
[    0.004000] ACPI: Core revision 20170831
[    0.004000] ACPI: 2 ACPI AML tables successfully acquired and loaded
[    0.004000] APIC: Switch to symmetric I/O mode setup
[    0.004000] x2apic enabled
[    0.004000] Switched APIC routing to physical x2apic.
[    0.005380] ..TIMER: vector=0x30 apic1=0 pin1=2 apic2=-1 pin2=-1
[    0.008006] tsc: Detected 2494.316 MHz processor
[    0.009554] Calibrating delay loop (skipped) preset value.. 4988.63 BogoMIPS (lpj=9977264)
[    0.012010] pid_max: default: 32768 minimum: 301
[    0.014163] Security Framework initialized
[    0.016007] Yama: becoming mindful.
[    0.017037] AppArmor: AppArmor initialized
[    0.020056] Dentry cache hash table entries: 131072 (order: 8, 1048576 bytes)
[    0.024093] Inode-cache hash table entries: 65536 (order: 7, 524288 bytes)
[    0.026366] Mount-cache hash table entries: 2048 (order: 2, 16384 bytes)
[    0.028011] Mountpoint-cache hash table entries: 2048 (order: 2, 16384 bytes)
[    0.030300] Last level iTLB entries: 4KB 512, 2MB 8, 4MB 8
[    0.032004] Last level dTLB entries: 4KB 512, 2MB 32, 4MB 32, 1GB 0
[    0.036005] Spectre V1 : Mitigation: usercopy/swapgs barriers and __user pointer sanitization
[    0.039111] Spectre V2 : Mitigation: Full generic retpoline
[    0.040003] Spectre V2 : Spectre v2 / SpectreRSB mitigation: Filling RSB on context switch
[    0.042251] Speculative Store Bypass: Vulnerable
[    0.044060] MDS: Mitigation: Clear CPU buffers
[    0.046122] Freeing SMP alternatives memory: 36K
[    0.158772] smpboot: CPU0: Intel(R) Core(TM) i5-3210M CPU @ 2.50GHz (family: 0x6, model: 0x3a, stepping: 0x9)
[    0.160000] Performance Events: unsupported p6 CPU model 58 no PMU driver, software events only.
[    0.160065] Hierarchical SRCU implementation.
[    0.164603] NMI watchdog: Perf event create on CPU 0 failed with -2
[    0.166396] NMI watchdog: Perf NMI watchdog permanently disabled
[    0.168079] smp: Bringing up secondary CPUs ...
[    0.169458] x86: Booting SMP configuration:
[    0.170870] .... node  #0, CPUs:      #1
[    0.004000] kvm-clock: cpu 1, msr 0:3ff44041, secondary cpu clock
[    0.186299] smp: Brought up 1 node, 2 CPUs
[    0.186299] smpboot: Max logical packages: 1
[    0.188010] smpboot: Total of 2 processors activated (9977.26 BogoMIPS)
[    0.192226] devtmpfs: initialized
[    0.196091] x86/mm: Memory block size: 128MB
[    0.200218] evm: security.selinux
[    0.201699] evm: security.SMACK64
[    0.204013] evm: security.SMACK64EXEC
[    0.208017] evm: security.SMACK64TRANSMUTE
[    0.212005] evm: security.SMACK64MMAP
[    0.213560] evm: security.apparmor
[    0.214934] evm: security.ima
[    0.216004] evm: security.capability
[    0.217616] clocksource: jiffies: mask: 0xffffffff max_cycles: 0xffffffff, max_idle_ns: 7645041785100000 ns
[    0.220027] futex hash table entries: 512 (order: 3, 32768 bytes)
[    0.225756] pinctrl core: initialized pinctrl subsystem
[    0.228152] RTC time: 23:54:32, date: 03/25/20
[    0.232107] NET: Registered protocol family 16
[    0.233436] audit: initializing netlink subsys (disabled)
[    0.235144] audit: type=2000 audit(1585180478.819:1): state=initialized audit_enabled=0 res=1
[    0.236009] cpuidle: using governor ladder
[    0.237569] cpuidle: using governor menu
[    0.240053] ACPI: bus type PCI registered
[    0.241349] acpiphp: ACPI Hot Plug PCI Controller Driver version: 0.5
[    0.244035] PCI: Using configuration type 1 for base access
[    0.248064] HugeTLB registered 2.00 MiB page size, pre-allocated 0 pages
[    0.249970] ACPI: Added _OSI(Module Device)
[    0.252009] ACPI: Added _OSI(Processor Device)
[    0.254543] ACPI: Added _OSI(3.0 _SCP Extensions)
[    0.255842] ACPI: Added _OSI(Processor Aggregator Device)
[    0.256007] ACPI: Added _OSI(Linux-Dell-Video)
[    0.257435] ACPI: Added _OSI(Linux-Lenovo-NV-HDMI-Audio)
[    0.260011] ACPI: Added _OSI(Linux-HPI-Hybrid-Graphics)
[    0.264547] ACPI: Executed 1 blocks of module-level executable AML code
[    0.275171] ACPI: Interpreter enabled
[    0.276028] ACPI: (supports S0 S5)
[    0.280006] ACPI: Using IOAPIC for interrupt routing
[    0.284523] PCI: Using host bridge windows from ACPI; if necessary, use "pci=nocrs" and report a bug
[    0.288315] ACPI: Enabled 2 GPEs in block 00 to 07
[    0.304046] ACPI: PCI Root Bridge [PCI0] (domain 0000 [bus 00-ff])
[    0.308023] acpi PNP0A03:00: _OSC: OS supports [ASPM ClockPM Segments MSI]
[    0.312618] acpi PNP0A03:00: _OSC: not requesting OS control; OS requires [ExtendedConfig ASPM ClockPM MSI]
[    0.316028] acpi PNP0A03:00: fail to add MMCONFIG information, can't access extended PCI configuration space under this bridge.
[    0.320729] PCI host bridge to bus 0000:00
[    0.321979] pci_bus 0000:00: root bus resource [io  0x0000-0x0cf7 window]
[    0.324007] pci_bus 0000:00: root bus resource [io  0x0d00-0xffff window]
[    0.326178] pci_bus 0000:00: root bus resource [mem 0x000a0000-0x000bffff window]
[    0.328007] pci_bus 0000:00: root bus resource [mem 0x40000000-0xfdffffff window]
[    0.332008] pci_bus 0000:00: root bus resource [bus 00-ff]
[    0.337949] pci 0000:00:01.1: legacy IDE quirk: reg 0x10: [io  0x01f0-0x01f7]
[    0.340007] pci 0000:00:01.1: legacy IDE quirk: reg 0x14: [io  0x03f6]
[    0.341820] pci 0000:00:01.1: legacy IDE quirk: reg 0x18: [io  0x0170-0x0177]
[    0.344013] pci 0000:00:01.1: legacy IDE quirk: reg 0x1c: [io  0x0376]
[    0.380740] pci 0000:00:07.0: quirk: [io  0x4000-0x403f] claimed by PIIX4 ACPI
[    0.384000] pci 0000:00:07.0: quirk: [io  0x4100-0x410f] claimed by PIIX4 SMB
[    0.404011] ACPI: PCI Interrupt Link [LNKA] (IRQs 5 9 10 *11)
[    0.406430] ACPI: PCI Interrupt Link [LNKB] (IRQs 5 9 *10 11)
[    0.408210] ACPI: PCI Interrupt Link [LNKC] (IRQs 5 *9 10 11)
[    0.410887] ACPI: PCI Interrupt Link [LNKD] (IRQs 5 9 10 *11)
[    0.412782] SCSI subsystem initialized
[    0.416104] pci 0000:00:02.0: vgaarb: setting as boot VGA device
[    0.417733] pci 0000:00:02.0: vgaarb: VGA device added: decodes=io+mem,owns=io+mem,locks=none
[    0.420008] pci 0000:00:02.0: vgaarb: bridge control possible
[    0.424005] vgaarb: loaded
[    0.425057] ACPI: bus type USB registered
[    0.426629] usbcore: registered new interface driver usbfs
[    0.428018] usbcore: registered new interface driver hub
[    0.429849] usbcore: registered new device driver usb
[    0.432095] EDAC MC: Ver: 3.0.0
[    0.433929] PCI: Using ACPI for IRQ routing
[    0.436651] NetLabel: Initializing
[    0.437715] NetLabel:  domain hash size = 128
[    0.440008] NetLabel:  protocols = UNLABELED CIPSOv4 CALIPSO
[    0.441822] NetLabel:  unlabeled traffic allowed by default
[    0.444114] clocksource: Switched to clocksource kvm-clock
[    0.461463] VFS: Disk quotas dquot_6.6.0
[    0.462873] VFS: Dquot-cache hash table entries: 512 (order 0, 4096 bytes)
[    0.465149] AppArmor: AppArmor Filesystem Enabled
[    0.466653] pnp: PnP ACPI init
[    0.470220] pnp: PnP ACPI: found 3 devices
[    0.482749] clocksource: acpi_pm: mask: 0xffffff max_cycles: 0xffffff, max_idle_ns: 2085701024 ns
[    0.485910] NET: Registered protocol family 2
[    0.487609] TCP established hash table entries: 8192 (order: 4, 65536 bytes)
[    0.489994] TCP bind hash table entries: 8192 (order: 5, 131072 bytes)
[    0.494426] TCP: Hash tables configured (established 8192 bind 8192)
[    0.496469] UDP hash table entries: 512 (order: 2, 16384 bytes)
[    0.498686] UDP-Lite hash table entries: 512 (order: 2, 16384 bytes)
[    0.523811] NET: Registered protocol family 1
[    0.532275] pci 0000:00:00.0: Limiting direct PCI/PCI transfers
[    0.541881] pci 0000:00:01.0: Activating ISA DMA hang workarounds
[    0.546338] pci 0000:00:02.0: Video device with shadowed ROM at [mem 0x000c0000-0x000dffff]
[    0.551718] Unpacking initramfs...
[    1.016876] Freeing initrd memory: 19208K
[    1.019119] clocksource: tsc: mask: 0xffffffffffffffff max_cycles: 0x23f4406cc0d, max_idle_ns: 440795293671 ns
[    1.022954] platform rtc_cmos: registered platform RTC device (no PNP device found)
[    1.025681] Scanning for low memory corruption every 60 seconds
[    1.028470] Initialise system trusted keyrings
[    1.029901] Key type blacklist registered
[    1.031179] workingset: timestamp_bits=36 max_order=18 bucket_order=0
[    1.034189] zbud: loaded
[    1.036798] squashfs: version 4.0 (2009/01/31) Phillip Lougher
[    1.038696] fuse init (API version 7.26)
[    1.044464] Key type asymmetric registered
[    1.045663] Asymmetric key parser 'x509' registered
[    1.047068] Block layer SCSI generic (bsg) driver version 0.4 loaded (major 246)
[    1.049871] io scheduler noop registered
[    1.051694] io scheduler deadline registered
[    1.053316] io scheduler cfq registered (default)
[    1.055355] ACPI: AC Adapter [AC] (on-line)
[    1.056807] input: Power Button as /devices/LNXSYSTM:00/LNXPWRBN:00/input/input0
[    1.059102] ACPI: Power Button [PWRF]
[    1.060283] input: Sleep Button as /devices/LNXSYSTM:00/LNXSLPBN:00/input/input1
[    1.064140] ACPI: Sleep Button [SLPF]
[    1.068761] Serial: 8250/16550 driver, 32 ports, IRQ sharing enabled
[    1.070532] ACPI: Battery Slot [BAT0] (battery present)
[    1.094450] 00:02: ttyS0 at I/O 0x3f8 (irq = 4, base_baud = 115200) is a 16550A
[    1.098914] Linux agpgart interface v0.103
[    1.102613] loop: module loaded
[    1.104651] scsi host0: ata_piix
[    1.105950] scsi host1: ata_piix
[    1.106943] ata1: PATA max UDMA/33 cmd 0x1f0 ctl 0x3f6 bmdma 0xd000 irq 14
[    1.108863] ata2: PATA max UDMA/33 cmd 0x170 ctl 0x376 bmdma 0xd008 irq 15
[    1.111025] libphy: Fixed MDIO Bus: probed
[    1.113066] tun: Universal TUN/TAP device driver, 1.6
[    1.114552] PPP generic driver version 2.4.2
[    1.116132] ehci_hcd: USB 2.0 'Enhanced' Host Controller (EHCI) Driver
[    1.118649] ehci-pci: EHCI PCI platform driver
[    1.120104] ehci-platform: EHCI generic platform driver
[    1.121672] ohci_hcd: USB 1.1 'Open' Host Controller (OHCI) Driver
[    1.123352] ohci-pci: OHCI PCI platform driver
[    1.124710] ohci-platform: OHCI generic platform driver
[    1.126282] uhci_hcd: USB Universal Host Controller Interface driver
[    1.128051] i8042: PNP: PS/2 Controller [PNP0303:PS2K,PNP0f03:PS2M] at 0x60,0x64 irq 1,12
[    1.131020] serio: i8042 KBD port at 0x60,0x64 irq 1
[    1.132560] serio: i8042 AUX port at 0x60,0x64 irq 12
[    1.135117] mousedev: PS/2 mouse device common for all mice
[    1.137826] input: AT Translated Set 2 keyboard as /devices/platform/i8042/serio0/input/input2
[    1.140959] rtc_cmos rtc_cmos: rtc core: registered rtc_cmos as rtc0
[    1.142916] rtc_cmos rtc_cmos: alarms up to one day, 114 bytes nvram
[    1.145755] i2c /dev entries driver
[    1.147117] device-mapper: uevent: version 1.0.3
[    1.148723] device-mapper: ioctl: 4.37.0-ioctl (2017-09-20) initialised: dm-devel@redhat.com
[    1.151221] ledtrig-cpu: registered to indicate activity on CPUs
[    1.154118] NET: Registered protocol family 10
[    1.161488] Segment Routing with IPv6
[    1.162572] NET: Registered protocol family 17
[    1.164097] Key type dns_resolver registered
[    1.165511] mce: Using 0 MCE banks
[    1.166663] RAS: Correctable Errors collector initialized.
[    1.169149] sched_clock: Marking stable (1169097831, 0)->(1588766730, -419668899)
[    1.172363] registered taskstats version 1
[    1.174155] Loading compiled-in X.509 certificates
[    1.181975] Loaded X.509 cert 'Build time autogenerated kernel key: d019e8c5f4cbc828f6af43369f65a014a3a68371'
[    1.222513] zswap: loaded using pool lzo/zbud
[    1.255353] Key type big_key registered
[    1.278170] Key type trusted registered
[    1.319107] Key type encrypted registered
[    1.320429] AppArmor: AppArmor sha1 policy hashing enabled
[    1.321999] ima: No TPM chip found, activating TPM-bypass! (rc=-19)
[    1.323861] ima: Allocated hash algorithm: sha1
[    1.325264] evm: HMAC attrs: 0x1
[    1.326685]   Magic number: 12:193:960
[    1.327868] rtc_cmos rtc_cmos: setting system clock to 2020-03-25 23:54:33 UTC (1585180473)
[    1.330499] BIOS EDD facility v0.16 2004-Jun-25, 0 devices found
[    1.332275] EDD information not available.
[    1.338767] Freeing unused kernel image memory: 2432K
[    1.480804] Write protecting the kernel read-only data: 20480k
[    1.487859] Freeing unused kernel image memory: 2008K
[    1.489730] Freeing unused kernel image memory: 1880K
[    1.501230] x86/mm: Checked W+X mappings: passed, no W+X pages found.
[    1.525809] x86/mm: Checking user space page tables
[    1.536402] x86/mm: Checked W+X mappings: passed, no W+X pages found.
Loading, please wait...
starting version 237
[    1.726867] e1000: Intel(R) PRO/1000 Network Driver - version 7.3.21-k8-NAPI
[    1.729271] e1000: Copyright (c) 1999-2006 Intel Corporation.
[    1.745263] Fusion MPT base driver 3.04.20
[    1.749022] Copyright (c) 1999-2008 LSI Corporation
[    1.759452] Fusion MPT SPI Host driver 3.04.20
[    1.779553] AVX version of gcm_enc/dec engaged.
[    1.783300] AES CTR mode by8 optimization enabled
[    1.988738] input: ImExPS/2 Generic Explorer Mouse as /devices/platform/i8042/serio1/input/input4
[    2.455287] e1000 0000:00:03.0 eth0: (PCI:33MHz:32-bit) 02:a6:ee:e1:32:9a
[    2.462253] e1000 0000:00:03.0 eth0: Intel(R) PRO/1000 Network Connection
[    2.469886] mptbase: ioc0: Initiating bringup
[    3.869265] ioc0: LSI53C1030 A0: Capabilities={Initiator}
[    7.006094] scsi host2: ioc0: LSI53C1030 A0, FwRev=00000000h, Ports=1, MaxQ=256, IRQ=20
[    9.130595] scsi 2:0:0:0: Direct-Access     VBOX     HARDDISK         1.0  PQ: 0 ANSI: 5
[    9.307632] scsi target2:0:0: Beginning Domain Validation
[    9.382061] scsi target2:0:0: Domain Validation skipping write tests
[    9.384686] scsi target2:0:0: Ending Domain Validation
[    9.387369] scsi target2:0:0: asynchronous
[    9.393073] scsi 2:0:1:0: Direct-Access     VBOX     HARDDISK         1.0  PQ: 0 ANSI: 5
[    9.756169] scsi target2:0:1: Beginning Domain Validation
[    9.759321] random: fast init done
[    9.761475] scsi target2:0:1: Domain Validation skipping write tests
[    9.765179] scsi target2:0:1: Ending Domain Validation
[    9.766764] scsi target2:0:1: asynchronous
[    9.774344] random: systemd-udevd: uninitialized urandom read (16 bytes read)
[    9.776313] random: systemd-udevd: uninitialized urandom read (16 bytes read)
[    9.778581] sd 2:0:0:0: Attached scsi generic sg0 type 0
[    9.779585] sd 2:0:0:0: [sda] 20971520 512-byte logical blocks: (10.7 GB/10.0 GiB)
[    9.781737] sd 2:0:1:0: Attached scsi generic sg1 type 0
[    9.785698] random: systemd-udevd: uninitialized urandom read (16 bytes read)
[    9.789938] sd 2:0:0:0: [sda] Write Protect is off
[    9.790128] sd 2:0:1:0: [sdb] 20480 512-byte logical blocks: (10.5 MB/10.0 MiB)
[    9.799082] sd 2:0:0:0: [sda] Incomplete mode parameter data
[    9.800726] sd 2:0:1:0: [sdb] Write Protect is off
[    9.804844] sd 2:0:0:0: [sda] Assuming drive cache: write through
[    9.812868] sd 2:0:1:0: [sdb] Incomplete mode parameter data
[    9.816173] sd 2:0:1:0: [sdb] Assuming drive cache: write through
[    9.822259]  sda: sda1
[    9.824942] sd 2:0:0:0: [sda] Attached SCSI disk
[    9.827048] e1000 0000:00:08.0 eth1: (PCI:33MHz:32-bit) 08:00:27:a1:47:8b
[    9.832439] e1000 0000:00:08.0 eth1: Intel(R) PRO/1000 Network Connection
[    9.836546] e1000 0000:00:08.0 enp0s8: renamed from eth1
[    9.841229] sd 2:0:1:0: [sdb] Attached SCSI disk
[    9.855895] e1000 0000:00:03.0 enp0s3: renamed from eth0
Begin: Loading essential drivers ... [   11.608573] raid6: sse2x1   gen()  7019 MB/s
[   11.656430] raid6: sse2x1   xor()  5558 MB/s
[   11.704042] raid6: sse2x2   gen()  8856 MB/s
[   11.752377] raid6: sse2x2   xor()  5954 MB/s
[   11.800211] raid6: sse2x4   gen()  2295 MB/s
[   11.856042] raid6: sse2x4   xor()  1736 MB/s
[   11.857339] raid6: using algorithm sse2x2 gen() 8856 MB/s
[   11.860238] raid6: .... xor() 5954 MB/s, rmw enabled
[   11.862170] raid6: using ssse3x2 recovery algorithm
[   11.868996] xor: automatically using best checksumming function   avx       
[   11.873307] async_tx: api initialized (async)
done.
Begin: Running /scripts/init-premount ... done.
Begin: Mounting root file system ... Begin: Running /scripts/local-top ... done.
Begin: Running /scripts/local-premount ... [   11.938014] Btrfs loaded, crc32c=crc32c-intel
Scanning for Btrfs filesystems
done.
Warning: fsck not present, so skipping root file system
[   11.984372] EXT4-fs (sda1): mounted filesystem with ordered data mode. Opts: (null)
done.
Begin: Running /scripts/local-bottom ... done.
Begin: Running /scripts/init-bottom ... done.
[   12.231400] ip_tables: (C) 2000-2006 Netfilter Core Team
[   12.251508] systemd[1]: systemd 237 running in system mode. (+PAM +AUDIT +SELINUX +IMA +APPARMOR +SMACK +SYSVINIT +UTMP +LIBCRYPTSETUP +GCRYPT +GNUTLS +ACL +XZ +LZ4 +SECCOMP +BLKID +ELFUTILS +KMOD -IDN2 +IDN -PCRE2 default-hierarchy=hybrid)
[   12.278424] systemd[1]: Detected virtualization oracle.
[   12.280925] systemd[1]: Detected architecture x86-64.

Welcome to [1mUbuntu 18.04.4 LTS[0m!

[   12.309407] systemd[1]: Set hostname to <ubuntu>.
[   12.320510] systemd[1]: Initializing machine ID from random generator.
[   12.322472] systemd[1]: Installed transient /etc/machine-id file.
[   12.740819] systemd[1]: Started Forward Password Requests to Wall Directory Watch.
[[0;32m  OK  [0m] Started Forward Password Requests to Wall Directory Watch.
[   12.747610] systemd[1]: Created slice System Slice.
[[0;32m  OK  [0m] Created slice System Slice.
[   12.750882] systemd[1]: Created slice User and Session Slice.
[[0;32m  OK  [0m] Created slice User and Session Slice.
[   12.755199] systemd[1]: Reached target User and Group Name Lookups.
[[0;32m  OK  [0m] Reached target User and Group Name Lookups.
[[0;32m  OK  [0m] Created slice system-serial\x2dgetty.slice.
[[0;32m  OK  [0m] Listening on LVM2 poll daemon socket.
[[0;32m  OK  [0m] Set up automount Arbitrary Executab…rmats File System Automount Point.
[[0;32m  OK  [0m] Listening on udev Kernel Socket.
[[0;32m  OK  [0m] Listening on Journal Audit Socket.
[[0;32m  OK  [0m] Reached target Swap.
[[0;32m  OK  [0m] Reached target Slices.
[[0;32m  OK  [0m] Listening on LVM2 metadata daemon socket.
[[0;32m  OK  [0m] Listening on Network Service Netlink Socket.
[[0;32m  OK  [0m] Listening on udev Control Socket.
[[0;32m  OK  [0m] Listening on Device-mapper event daemon FIFOs.
[[0;32m  OK  [0m] Listening on Journal Socket (/dev/log).
[[0;32m  OK  [0m] Reached target System Time Synchronized.
[[0;32m  OK  [0m] Listening on Syslog Socket.
[[0;32m  OK  [0m] Listening on Journal Socket.
         Mounting Huge Pages File System...
         Mounting POSIX Message Queue File System...
         Starting Create list of required st…ce nodes for the current kernel...
         Starting udev Coldplug all Devices...
         Mounting Kernel Debug File System...
         Starting Monitoring of LVM2 mirrors…ng dmeventd or progress polling...
         Starting Load Kernel Modules...
         Starting Remount Root and Kernel File Systems...
         Starting Set the console keyboard layout...
         Starting Journal Service...
         Starting Uncomplicated firewall...
[[0;32m  OK  [0m] Listening on /dev/initctl Compatibility Named Pipe.
[[0;32m  OK  [0m] Mounted Huge Pages File System.
[[0;32m  OK  [0m] Mounted POSIX Message Queue File System.
[[0;32m  OK  [0m] Started Create list of required sta…vice nodes for the current kernel.
[[0;32m  OK  [0m] Mounted Kernel Debug File System.
[[0;32m  OK  [0m] Started LVM2 metadata daemon.
         Starting Create Static Device Nodes in /dev...
[[0;32m  OK  [0m] Started Uncomplicated firewall.
[   13.033695] Loading iSCSI transport class v2.0-870.
[[0;32m  OK  [0m] Started Create Static Device Nodes in /dev.
[   13.072034] EXT4-fs (sda1): re-mounted. Opts: (null)
[[0;32m  OK  [0m] Started Remount Root and Kernel File Systems.
[   13.087521] iscsi: registered transport (tcp)
[   13.112852] iscsi: registered transport (iser)
         Starting udev Kernel Device Manager...
         Starting Load/Save Random Seed...
[[0;32m  OK  [0m] Started Load Kernel Modules.
         Starting Apply Kernel Variables...
         Mounting FUSE Control File System...
         Mounting Kernel Configuration File System...
[[0;32m  OK  [0m] Started Load/Save Random Seed.
[[0;32m  OK  [0m] Mounted Kernel Configuration File System.
[[0;32m  OK  [0m] Started Monitoring of LVM2 mirrors,…sing dmeventd or progress polling.
[[0;32m  OK  [0m] Mounted FUSE Control File System.
[[0;32m  OK  [0m] Started Journal Service.
         Starting Flush Journal to Persistent Storage...
[[0;32m  OK  [0m] Started Apply Kernel Variables.
[[0;32m  OK  [0m] Started udev Coldplug all Devices.
[[0;32m  OK  [0m] Started udev Kernel Device Manager.
[[0;32m  OK  [0m] Started Flush Journal to Persistent Storage.
[[0;32m  OK  [0m] Found device /dev/ttyS0.
[[0;32m  OK  [0m] Listening on Load/Save RF Kill Switch Status /dev/rfkill Watch.
[[0;32m  OK  [0m] Started Set the console keyboard layout.
[[0;32m  OK  [0m] Started Dispatch Password Requests to Console Directory Watch.
[[0;32m  OK  [0m] Reached target Local Encrypted Volumes.
[[0;32m  OK  [0m] Reached target Local File Systems (Pre).
[[0;32m  OK  [0m] Reached target Local File Systems.
         Starting ebtables ruleset management...
         Starting Tell Plymouth To Write Out Runtime Data...
         Starting AppArmor initialization...
         Starting Create Volatile Files and Directories...
         Starting Commit a transient machine-id on disk...
         Starting Set console font and keymap...
[[0;32m  OK  [0m] Started Tell Plymouth To Write Out Runtime Data.
[[0;32m  OK  [0m] Started Set console font and keymap.
[[0;32m  OK  [0m] Started Commit a transient machine-id on disk.
[[0;32m  OK  [0m] Started Create Volatile Files and Directories.
         Starting Update UTMP about System Boot/Shutdown...
[[0;32m  OK  [0m] Started ebtables ruleset management.
[[0;32m  OK  [0m] Started Update UTMP about System Boot/Shutdown.
[[0;32m  OK  [0m] Started AppArmor initialization.
         Starting Initial cloud-init job (pre-networking)...
[   21.031322] cloud-init[591]: Cloud-init v. 19.4-33-gbb4131a2-0ubuntu1~18.04.1 running 'init-local' at Wed, 25 Mar 2020 23:54:52 +0000. Up 20.43 seconds.
[[0;32m  OK  [0m] Started Initial cloud-init job (pre-networking).
[[0;32m  OK  [0m] Reached target Network (Pre).
         Starting Network Service...
[[0;32m  OK  [0m] Started Network Service.
         Starting Wait for Network to be Configured...
         Starting Network Name Resolution...
[[0;32m  OK  [0m] Started Network Name Resolution.
[[0;32m  OK  [0m] Reached target Network.
[[0;32m  OK  [0m] Reached target Host and Network Name Lookups.
[[0;32m  OK  [0m] Started Wait for Network to be Configured.
         Starting Initial cloud-init job (metadata service crawler)...
[   23.545334] cloud-init[706]: Cloud-init v. 19.4-33-gbb4131a2-0ubuntu1~18.04.1 running 'init' at Wed, 25 Mar 2020 23:54:55 +0000. Up 23.19 seconds.
[   23.549941] cloud-init[706]: ci-info: ++++++++++++++++++++++++++++++++++++++Net device info+++++++++++++++++++++++++++++++++++++++
[   23.555748] cloud-init[706]: ci-info: +--------+-------+----------------------------+---------------+--------+-------------------+
[   23.560806] cloud-init[706]: ci-info: | Device |   Up  |          Address           |      Mask     | Scope  |     Hw-Address    |
[   23.566615] cloud-init[706]: ci-info: +--------+-------+----------------------------+---------------+--------+-------------------+
[   23.571414] cloud-init[706]: ci-info: | enp0s3 |  True |         10.0.2.15          | 255.255.255.0 | global | 02:a6:ee:e1:32:9a |
[   23.577785] cloud-init[706]: ci-info: | enp0s3 |  True | fe80::a6:eeff:fee1:329a/64 |       .       |  link  | 02:a6:ee:e1:32:9a |
[   23.583153] cloud-init[706]: ci-info: | enp0s8 | False |             .              |       .       |   .    | 08:00:27:a1:47:8b |
[   23.587944] cloud-init[706]: ci-info: |   lo   |  True |         127.0.0.1          |   255.0.0.0   |  host  |         .         |
[   23.594421] cloud-init[706]: ci-info: |   lo   |  True |          ::1/128           |       .       |  host  |         .         |
[   23.600471] cloud-init[706]: ci-info: +--------+-------+----------------------------+---------------+--------+-------------------+
[   23.606137] cloud-init[706]: ci-info: ++++++++++++++++++++++++++++Route IPv4 info+++++++++++++++++++++++++++++
[   23.610646] cloud-init[706]: ci-info: +-------+-------------+----------+-----------------+-----------+-------+
[   23.617022] cloud-init[706]: ci-info: | Route | Destination | Gateway  |     Genmask     | Interface | Flags |
[   23.628736] cloud-init[706]: ci-info: +-------+-------------+----------+-----------------+-----------+-------+
[   23.648707] cloud-init[706]: ci-info: |   0   |   0.0.0.0   | 10.0.2.2 |     0.0.0.0     |   enp0s3  |   UG  |
[   23.653931] cloud-init[706]: ci-info: |   1   |   10.0.2.0  | 0.0.0.0  |  255.255.255.0  |   enp0s3  |   U   |
[   23.672139] cloud-init[706]: ci-info: |   2   |   10.0.2.2  | 0.0.0.0  | 255.255.255.255 |   enp0s3  |   UH  |
[   23.679676] cloud-init[706]: ci-info: +-------+-------------+----------+-----------------+-----------+-------+
[   23.686538] cloud-init[706]: ci-info: +++++++++++++++++++Route IPv6 info+++++++++++++++++++
[   23.692011] cloud-init[706]: ci-info: +-------+-------------+---------+-----------+-------+
[   23.700961] cloud-init[706]: ci-info: | Route | Destination | Gateway | Interface | Flags |
[   23.713585] cloud-init[706]: ci-info: +-------+-------------+---------+-----------+-------+
[   23.717914] cloud-init[706]: ci-info: |   1   |  fe80::/64  |    ::   |   enp0s3  |   U   |
[   23.724255] cloud-init[706]: ci-info: |   3   |    local    |    ::   |   enp0s3  |   U   |
[   23.726019] cloud-init[706]: ci-info: |   4   |   ff00::/8  |    ::   |   enp0s3  |   U   |
[   23.738070] cloud-init[706]: ci-info: +-------+-------------+---------+-----------+-------+
[   24.732972] cloud-init[706]: Generating public/private rsa key pair.
[   24.788464] cloud-init[706]: Your identification has been saved in /etc/ssh/ssh_host_rsa_key.
[   24.792772] cloud-init[706]: Your public key has been saved in /etc/ssh/ssh_host_rsa_key.pub.
[   24.797488] cloud-init[706]: The key fingerprint is:
[   24.802234] cloud-init[706]: SHA256:kTvGlkfEPLfaaKmPwUoDGbkzCMD8QiYUpUbDWyZt2Jk root@ubuntu-bionic
[   24.815114] cloud-init[706]: The key's randomart image is:
[   24.822297] cloud-init[706]: +---[RSA 2048]----+
[   24.827075] cloud-init[706]: |*=*.o    o.      |
[   24.834367] cloud-init[706]: |+OoE .   o+ .    |
[   24.842335] cloud-init[706]: |=oB o   o .o .   |
[   24.847863] cloud-init[706]: |.+ o + . =  .    |
[   24.854934] cloud-init[706]: |  o *   S .=     |
[   24.860277] cloud-init[706]: |     + + o= .    |
[   24.869929] cloud-init[706]: |      o oo       |
[   24.875422] cloud-init[706]: |     . o.o       |
[   24.883432] cloud-init[706]: |      . ...      |
[   24.890264] cloud-init[706]: +----[SHA256]-----+
[   24.904617] cloud-init[706]: Generating public/private dsa key pair.
[   24.906729] cloud-init[706]: Your identification has been saved in /etc/ssh/ssh_host_dsa_key.
[   24.922758] cloud-init[706]: Your public key has been saved in /etc/ssh/ssh_host_dsa_key.pub.
[   24.936454] cloud-init[706]: The key fingerprint is:
[   24.939147] cloud-init[706]: SHA256:CYk9lVrlGhThlj7TmBQEjEUaLR6/jIeEL2QMGB1u8Sg root@ubuntu-bionic
[   24.943176] cloud-init[706]: The key's randomart image is:
[   24.956388] cloud-init[706]: +---[DSA 1024]----+
[[0;32m  OK  [0m] Started Initial cloud-init job (metadata service crawler).
[   24.968668] cloud-init[706]: |ooo..*+oB=.      |
[[0;32m  OK  [0m] Reached target Cloud-config availability.
[[0;32m  OK  [0m] Reached target Network is Online.
[   24.982769] cloud-init[706]: |o..++=o=o+       |
[[0;32m  OK  [0m] Reached target Remote File Systems (Pre).
[[0;32m  OK  [0m] Reached target Remote File Systems.
[   25.004379] cloud-init[706]: |Eo+o++=o* .      |
         Starting Availability of block devices...
[[0;32m  OK  [0m] Reached target System Initialization.
[[0;32m  OK  [0m] Listening on ACPID Listen Socket.
[[0;32m  OK  [0m] Listening on UUID daemon activation socket.
[   25.031304] cloud-init[706]: | o= o o* B       |
[[0;32m  OK  [0m] Started Discard unused blocks once a week.
[   25.286844] [[0;32m  OK  [0m] Started Daily Cleanup of Temporary Directories.
cloud-init[706]: | o o + .S .      |
[   25.291163] cloud-init[706]:          Starting LXD - unix socket.
|  . + +  o       |
[   25.302515] cloud-init[706]: |   . .           |
[   25.304721] [[0;32m  OK  [0m] Listening on D-Bus System Message Bus Socket.
cloud-init[706]: |                 |
[   25.310806] cloud-init[706]: |                 |
[   25.314632] [[0;32m  OK  [0m] Started Message of the Day.
[[0;32m  OK  [0m] Started Daily apt download activities.
cloud-init[706]: +----[SHA256]-----+[[0;32m  OK  [0m] Started ACPI Events Check.

[   25.326754] cloud-init[706]: Generating public/private ecdsa key pair.
[[0;32m  OK  [0m] Reached target Paths.
[   25.336274]          Starting Socket activation for snappy daemon.
[[0;32m  OK  [0m] Listening on Open-iSCSI iscsid Socket.
[[0;32m  OK  [0m] Started Daily apt upgrade and clean activities.
[[0;32m  OK  [0m] Reached target Timers.
cloud-init[706]: Your identification has been saved in /etc/ssh/ssh_host_ecdsa_key.
[[0;32m  OK  [0m] Started Availability of block devices.
[   25.357140] cloud-init[706]: Your public key has been saved in /etc/ssh/ssh_host_ecdsa_key.pub.
[[0;32m  OK  [0m] Listening on LXD - unix socket.
[   25.379660] [[0;32m  OK  [0m] Listening on Socket activation for snappy daemon.
cloud-init[706]: The key fingerprint is:[[0;32m  OK  [0m] Reached target Sockets.
[[0;32m  OK  [0m] Reached target Basic System.

         [   25.404398] Starting Dispatcher daemon for systemd-networkd...
cloud-init[706]:          Starting LSB: Record successful boot for GRUB...
SHA256:J1vt90G4UaZK6+XUZ9D68TojNInihLcSSHQ77r5SAQ0 root@ubuntu-bionic
[[0;32m  OK  [0m] Started irqbalance daemon.
[   25.415085] cloud-init[706]: The key's randomart image is:
[   25.425611]          Starting Snappy daemon...
         Starting Accounts Service...
[[0;32m  OK  [0m] Started Regular background program processing daemon.
cloud-init[[0;32m  OK  [0m] Started Deferred execution scheduler.
[706]: +---[ECDSA 256]---+
[   25.458606] cloud-init[706]: |    Eo           |
         Starting Login Service...
         Starting Virtualbox guest utils...
[[0;32m  OK  [0m] Started FUSE filesystem for LXC.
[[0;32m  OK  [0m] Started D-Bus System Message Bus.
[   25.473746] cloud-init[706]: |    o o          |
[   25.477175] cloud-init[706]: |   . o .       o |
[   25.489232] cloud-init[706]: |    . +    .  =. |
[   25.491680] cloud-init[706]: |   . o +S oo.=...|
[   25.497100] cloud-init[706]: |    . = +=o.* =o |
[   25.517435] cloud-init[706]: |     o =.o +.=o+o|
[   25.520297] cloud-init[706]: |    . o o . =.o+=|
[   25.537340] cloud-init[706]: |     ooo   . o.++|
[   25.539064] cloud-init[706]: +----[SHA256]-----+
[   25.553644] cloud-init[706]: Generating public/private ed25519 key pair.
[   25.558217] cloud-init[706]: Your identification has been saved in /etc/ssh/ssh_host_ed25519_key.
[   25.562372] cloud-init[706]: Your public key has been saved in /etc/ssh/ssh_host_ed25519_key.pub.
[   25.565504] cloud-init[706]: The key fingerprint is:
[   25.570793] cloud-init[706]: SHA256:w5jiWjDPHgUlx7lRtSSGSZDDU6J4zALTKytwkgM/s/U root@ubuntu-bionic
[   25.584816] cloud-init[706]: The key's randomart image is:
[   25.587515] cloud-init[706]: +--[ED25519 256]--+
[   25.589306] cloud-init[706]: |o. .+*==+.o      |
[   25.604444] cloud-init[706]: |o=..==*. o .     |
[   25.617482] cloud-init[706]: |+o=..o o  .      |
[   25.620713] cloud-init[706]: |*o* ...+         |
[   25.622873] cloud-init[706]: |.*o=..+ S        |
[   25.625211] cloud-init[706]: |o .* oE  .       |
[   25.627694] cloud-init[706]: |.   *            |
[   25.644389] cloud-init[706]: |   + .           |
         Starting LSB: automatic crash report generation...
[   25.670512] cloud-init[706]: |  . .            |
         Starting Permit User Sessions...
[   25.688346] cloud-init[706]: +----[SHA256]-----+
         Starting System Logging Service...
         Starting Pollinate to seed the pseudo random number generator...
         Starting LXD - container startup/shutdown...
[[0;32m  OK  [0m] Started System Logging Service.
[[0;32m  OK  [0m] Started Permit User Sessions.
[[0;32m  OK  [0m] Started Login Service.
[[0;32m  OK  [0m] Started Unattended Upgrades Shutdown.
         Starting Authorization Manager...
         Starting Terminate Plymouth Boot Screen...
         Starting Hold until boot process finishes up...
[[0;32m  OK  [0m] Started Hold until boot process finishes up.
[[0;32m  OK  [0m] Started Terminate Plymouth Boot Screen.
[[0;32m  OK  [0m] Started Serial Getty on ttyS0.
         Starting Set console scheme...
[[0;32m  OK  [0m] Started Set console scheme.
[[0;32m  OK  [0m] Created slice system-getty.slice.
[[0;32m  OK  [0m] Started Getty on tty1.
[[0;32m  OK  [0m] Reached target Login Prompts.
[[0;32m  OK  [0m] Started LSB: automatic crash report generation.
[[0;32m  OK  [0m] Started LXD - container startup/shutdown.
[[0;32m  OK  [0m] Started LSB: Record successful boot for GRUB.
[[0;32m  OK  [0m] Started Authorization Manager.
[[0;32m  OK  [0m] Started Accounts Service.
[[0;32m  OK  [0m] Started Virtualbox guest utils.
[[0;32m  OK  [0m] Started Dispatcher daemon for systemd-networkd.
[[0;32m  OK  [0m] Started Snappy daemon.
         Starting Wait until snapd is fully seeded...
[[0;32m  OK  [0m] Started Pollinate to seed the pseudo random number generator.
         Starting OpenBSD Secure Shell server...
[[0;32m  OK  [0m] Started OpenBSD Secure Shell server.
[[0;32m  OK  [0m] Created slice User Slice of vagrant.
         Starting User Manager for UID 1000...
[[0;32m  OK  [0m] Started Session 1 of user vagrant.
[[0;32m  OK  [0m] Started User Manager for UID 1000.

Ubuntu 18.04.4 LTS ubuntu-bionic ttyS0

ubuntu-bionic login: [   34.145527] cloud-init[1261]: Cloud-init v. 19.4-33-gbb4131a2-0ubuntu1~18.04.1 running 'modules:config' at Wed, 25 Mar 2020 23:55:04 +0000. Up 32.78 seconds.
ci-info: no authorized SSH keys fingerprints found for user ubuntu.
<14>Mar 25 23:55:07 ec2: 
<14>Mar 25 23:55:07 ec2: #############################################################
<14>Mar 25 23:55:07 ec2: -----BEGIN SSH HOST KEY FINGERPRINTS-----
<14>Mar 25 23:55:07 ec2: 1024 SHA256:CYk9lVrlGhThlj7TmBQEjEUaLR6/jIeEL2QMGB1u8Sg root@ubuntu-bionic (DSA)
<14>Mar 25 23:55:07 ec2: 256 SHA256:J1vt90G4UaZK6+XUZ9D68TojNInihLcSSHQ77r5SAQ0 root@ubuntu-bionic (ECDSA)
<14>Mar 25 23:55:07 ec2: 256 SHA256:w5jiWjDPHgUlx7lRtSSGSZDDU6J4zALTKytwkgM/s/U root@ubuntu-bionic (ED25519)
<14>Mar 25 23:55:07 ec2: 2048 SHA256:kTvGlkfEPLfaaKmPwUoDGbkzCMD8QiYUpUbDWyZt2Jk root@ubuntu-bionic (RSA)
<14>Mar 25 23:55:07 ec2: -----END SSH HOST KEY FINGERPRINTS-----
<14>Mar 25 23:55:07 ec2: #############################################################
-----BEGIN SSH HOST KEY KEYS-----
ecdsa-sha2-nistp256 AAAAE2VjZHNhLXNoYTItbmlzdHAyNTYAAAAIbmlzdHAyNTYAAABBBBSTY/RXPCLEdBvQ0E7t6/KrmYYWNzLwYPm/+AWhJ/UNlv1RmH24m1BjzwXRYQGkkQiXrUH+xMEE+aHmlENm3GM= root@ubuntu-bionic
ssh-ed25519 AAAAC3NzaC1lZDI1NTE5AAAAIAI6+0gsRaxrjCM3ubW/050D537ubwF1COWTjyBAUToH root@ubuntu-bionic
ssh-rsa AAAAB3NzaC1yc2EAAAADAQABAAABAQDVae7JqWL5ufnKb8QsNGpef/9HoYPfxbKP88QyGWFWdvnYGy2dh/kDHzIS7iCKTQL+yVKXqWYjhB0denBVIKXV/7WcuLM1ltvQeq5ytQY681RxokA1D/Ob4RggnTI0I7kLoCLsV6qWf98xNGrrYDXrXItT/4UPhD3Fn/HVCEvgRyK6PL18JT9+p9ltweuYJN0FLmxbH5h5dCRuvfDiDTCGT/2c3HDwH/Fh9jGHkPORqFvNofpFKAfLnjoU/1wXDN7UH1Jaa2wclmNPXRPBSSOqzVQ3dMQszuXF0GCb3r3xZYbfmcywhOdXxHdgoLsDlyAPnZGNlAjeLIbDZqyGg0fV root@ubuntu-bionic
-----END SSH HOST KEY KEYS-----
[   35.799547] cloud-init[1405]: Cloud-init v. 19.4-33-gbb4131a2-0ubuntu1~18.04.1 running 'modules:final' at Wed, 25 Mar 2020 23:55:07 +0000. Up 35.28 seconds.
[   35.801916] cloud-init[1405]: ci-info: no authorized SSH keys fingerprints found for user ubuntu.
[   35.802057] cloud-init[1405]: Cloud-init v. 19.4-33-gbb4131a2-0ubuntu1~18.04.1 finished at Wed, 25 Mar 2020 23:55:07 +0000. Datasource DataSourceNoCloud [seed=/dev/sdb][dsmode=net].  Up 35.74 seconds
